[2022-03-13T18:27:45.488Z] > command requires scopes: ["email","openid","https://www.googleapis.com/auth/cloudplatformprojects.readonly","https://www.googleapis.com/auth/firebase","https://www.googleapis.com/auth/cloud-platform"]
[2022-03-13T18:27:45.489Z] > authorizing via signed-in user (jazwickler@gmail.com)
[2022-03-13T18:27:45.489Z] [iam] checking project jlz-portfolio for permissions ["firebase.projects.get","firebasehosting.sites.update"]
[2022-03-13T18:27:45.491Z] >>> [apiv2][query] POST https://cloudresourcemanager.googleapis.com/v1/projects/jlz-portfolio:testIamPermissions [none]
[2022-03-13T18:27:45.491Z] >>> [apiv2][body] POST https://cloudresourcemanager.googleapis.com/v1/projects/jlz-portfolio:testIamPermissions {"permissions":["firebase.projects.get","firebasehosting.sites.update"]}
[2022-03-13T18:27:45.692Z] <<< [apiv2][status] POST https://cloudresourcemanager.googleapis.com/v1/projects/jlz-portfolio:testIamPermissions 200
[2022-03-13T18:27:45.692Z] <<< [apiv2][body] POST https://cloudresourcemanager.googleapis.com/v1/projects/jlz-portfolio:testIamPermissions {"permissions":["firebase.projects.get","firebasehosting.sites.update"]}
[2022-03-13T18:27:45.693Z] >>> [apiv2][query] GET https://firebase.googleapis.com/v1beta1/projects/jlz-portfolio [none]
[2022-03-13T18:27:46.004Z] <<< [apiv2][status] GET https://firebase.googleapis.com/v1beta1/projects/jlz-portfolio 200
[2022-03-13T18:27:46.004Z] <<< [apiv2][body] GET https://firebase.googleapis.com/v1beta1/projects/jlz-portfolio {"projectId":"jlz-portfolio","projectNumber":"518070660509","displayName":"JLZ-Portfolio","name":"projects/jlz-portfolio","resources":{"hostingSite":"jlz-portfolio","storageBucket":"jlz-portfolio.appspot.com","locationId":"us-central"},"state":"ACTIVE"}

=== Deploying to 'jlz-portfolio'...

i  deploying hosting 
[2022-03-13T18:27:46.005Z] >>> [apiv2][query] GET https://firebase.googleapis.com/v1beta1/projects/jlz-portfolio [none]
[2022-03-13T18:27:46.347Z] <<< [apiv2][status] GET https://firebase.googleapis.com/v1beta1/projects/jlz-portfolio 200
[2022-03-13T18:27:46.347Z] <<< [apiv2][body] GET https://firebase.googleapis.com/v1beta1/projects/jlz-portfolio {"projectId":"jlz-portfolio","projectNumber":"518070660509","displayName":"JLZ-Portfolio","name":"projects/jlz-portfolio","resources":{"hostingSite":"jlz-portfolio","storageBucket":"jlz-portfolio.appspot.com","locationId":"us-central"},"state":"ACTIVE"}
[2022-03-13T18:27:46.350Z] >>> [apiv2][query] POST https://firebasehosting.googleapis.com/v1beta1/projects/518070660509/sites/jlz-portfolio/versions [none]
[2022-03-13T18:27:46.350Z] >>> [apiv2][body] POST https://firebasehosting.googleapis.com/v1beta1/projects/518070660509/sites/jlz-portfolio/versions {"config":{"rewrites":[{"glob":"**","path":"/index.html"}]},"labels":{"deployment-tool":"cli-firebase"}}
[2022-03-13T18:27:46.352Z] >>> [apiv2][query] POST https://firebasehosting.googleapis.com/v1beta1/projects/518070660509/sites/jlz-portfolio-dev/versions [none]
[2022-03-13T18:27:46.352Z] >>> [apiv2][body] POST https://firebasehosting.googleapis.com/v1beta1/projects/518070660509/sites/jlz-portfolio-dev/versions {"config":{"rewrites":[{"glob":"**","path":"/index.html"}]},"labels":{"deployment-tool":"cli-firebase"}}
[2022-03-13T18:27:47.184Z] <<< [apiv2][status] POST https://firebasehosting.googleapis.com/v1beta1/projects/518070660509/sites/jlz-portfolio/versions 200
[2022-03-13T18:27:47.184Z] <<< [apiv2][body] POST https://firebasehosting.googleapis.com/v1beta1/projects/518070660509/sites/jlz-portfolio/versions {"name":"projects/518070660509/sites/jlz-portfolio/versions/852d1dbaeb48abc8","status":"CREATED","config":{"rewrites":[{"glob":"**","path":"/index.html"}]},"labels":{"deployment-tool":"cli-firebase"}}
[2022-03-13T18:27:47.210Z] <<< [apiv2][status] POST https://firebasehosting.googleapis.com/v1beta1/projects/518070660509/sites/jlz-portfolio-dev/versions 200
[2022-03-13T18:27:47.211Z] <<< [apiv2][body] POST https://firebasehosting.googleapis.com/v1beta1/projects/518070660509/sites/jlz-portfolio-dev/versions {"name":"projects/518070660509/sites/jlz-portfolio-dev/versions/1e37b9e1922f50a3","status":"CREATED","config":{"rewrites":[{"glob":"**","path":"/index.html"}]},"labels":{"deployment-tool":"cli-firebase"}}
i  hosting[jlz-portfolio]: beginning deploy... 
i  hosting[jlz-portfolio]: found 90 files in dist/jz-portfolio 
[2022-03-13T18:27:47.226Z] [hosting] hash cache [ZGlzdC9qei1wb3J0Zm9saW8] stored for 90 files
[2022-03-13T18:27:47.226Z] [hosting][hash queue][FINAL] {"max":1,"min":0,"avg":0.04713719817406088,"active":0,"complete":90,"success":90,"errored":0,"retried":0,"total":90,"elapsed":3}
[2022-03-13T18:27:47.226Z] >>> [apiv2][query] POST https://firebasehosting.googleapis.com/v1beta1/projects/518070660509/sites/jlz-portfolio/versions/852d1dbaeb48abc8:populateFiles [none]
[2022-03-13T18:27:47.226Z] >>> [apiv2][body] POST https://firebasehosting.googleapis.com/v1beta1/projects/518070660509/sites/jlz-portfolio/versions/852d1dbaeb48abc8:populateFiles {"files":{"/favicon.ico":"7a4e55f07ea7dc60356991f836618bc6b0305fb426dbb9a0d8be50f5ad9afd45","/index.html":"48ebe7ed6bbfe053940a90354f24f8679652a37bda76bacb8ecd585e49a48d07","/main.js":"ee668ca9ff8208324e2ef6bc46db9cc21e13bb90e226e833899233cac79dbde8","/main.js.map":"4cc197c294a20678df94836bd4db0f132e3275bffbc55fedf296fdada649d077","/manifest.webmanifest":"e098e6f1f3126aa19c9b2917f1d150f0ed183c9aace1df5d6f511176f99e2ff5","/ngsw-worker.js":"e46449a04e794b00585c59d1e995358966ac1427bce64c785ea45fa168a35b3a","/ngsw.json":"aff40fcc7abdb9c2b2ba47e59f5bc879bcc98272853e3be528a28a098b653d1d","/polyfills.js":"4b88e0e504a8e2d2dfd9553910fcda9707468398943ea4470ede6ffb50211131","/polyfills.js.map":"89295868ce1b29049632cd04a2fad0e40d48509a2c06cc647142cd9df5f83e81","/runtime.js":"524aa166e8b975540dbdd4fba23718f7fc6276844a28945882c8a1da9055ef6b","/runtime.js.map":"c24c49b46a55f4067c6090a6ceea2f9efefd6de0e83f5654cc045fe571771d01","/safety-worker.js":"2eb526c5e6899355fe0bde049750d61a71373cdd7fed0b502464dc95accc9901","/styles.css":"65643249c53a77bcadd5d99cba0f9132e6a366548bb607fe8612cd23d8bf7ff9","/styles.css.map":"de0cf07c93da9cf217943c41c3af50ba3c2fae13154f0fd54027f829e4e17ba4","/vendor.js":"efdbdf533212c3940546d92aa77e6a710a3a42c30c4538ea787ed3e3279c7c71","/vendor.js.map":"9e4b8047aca5e85891a9bb81f484d9b2dc8a390a753bda73dbf0a93acc73017b","/worker-basic.min.js":"2eb526c5e6899355fe0bde049750d61a71373cdd7fed0b502464dc95accc9901","/assets/misc.ts":"659c395c5b38ff5f1f282ec522e6a7f6bea5336534a4785759b337916819ddbb","/assets/toolbar-logo.png":"1f377c11f1b1f7bebb59720978578f020b0becbb3049ce722d35d9af623c11a0","/assets/hobbies/jlpt/JLPTN3.jpeg":"dd90321b810605bbdd4dda07a5360678a1d74ceec3bc37ea7400baa6be0ea8a8","/assets/hobbies/jlpt/JLPTN4.jpeg":"fc19d76f9ce959c321fa6234ca8e0b049714de4fe5575e5a69240e23c3588080","/assets/hobbies/jlpt/JLPTN5.jpeg":"7a0e5df2356cf70131bb859c892ab4bb11fe3730478b259f83cfdb608015e12a","/assets/hobbies/photography/photo_set_01_1.jpeg":"d0d81a6dcd900635ef123485be6442d6ccd7cf7fe31f5a1f186cd09e959947ae","/assets/hobbies/photography/photo_set_01_10.jpeg":"ab2956bd48df5a776caca0574e715bb647e07c3478c267db1c455d26f9f73202","/assets/hobbies/photography/photo_set_01_11.jpeg":"a6f9e3f6a0a2e75dc951d4aa1b59d990a1d70064f86d8b77219440e5b51888ec","/assets/hobbies/photography/photo_set_01_12.jpeg":"26813bfba9ef360b14f30ffb46208a357266d6d5a96f42dd24dc703bf2bb1402","/assets/hobbies/photography/photo_set_01_13.jpeg":"e304d095abdc683cb007956c2decbe533988d6fdcd0a13c36329150990f720d5","/assets/hobbies/photography/photo_set_01_2.jpeg":"0be56e90073a9a981ed14698b16cb42e09a503176e4ef88e23259f71cf00571c","/assets/hobbies/photography/photo_set_01_3.jpeg":"836180fe530f809dae7ca25d665b7d8c693b210ff88f10983e5a04a28782a46c","/assets/hobbies/photography/photo_set_01_4.jpeg":"87506c361e486ff63e7838bbe12d06f1302a7ee7f8154320cae5a106722c06af","/assets/hobbies/photography/photo_set_01_5.jpeg":"be1258881b5a74252a0f2c224ec61f88547051581c75e2a91e474672345b5852","/assets/hobbies/photography/photo_set_01_6.jpeg":"185e0add01607d3007427e4d950a475af08186de12cd67f1eb74bee9c54f9928","/assets/hobbies/photography/photo_set_01_7.jpeg":"c30add7af5d97cae1f404ca30df82924ceec328fc3a9f04bfdada0935cd351ff","/assets/hobbies/photography/photo_set_01_8.jpeg":"6f466b3ed9d4b61f0993e32344c0f992bc85d5498e1f0b1c99256dd2953f6005","/assets/hobbies/photography/photo_set_01_9.jpeg":"6d63aae49ec708da4364c6fd1fc31dbe293e475b9b7f1dc94ddaeace2a526690","/assets/hobbies/photography/photo_set_02_1.jpeg":"a63528348680179400c409e11c162208d0bcc8745ba3f14366d960901ccb4fe3","/assets/hobbies/photography/photo_set_02_10.jpeg":"7da62416621c936b28d3477ba2f528d98171270235ed64a46d3c8006eba7e295","/assets/hobbies/photography/photo_set_02_11.jpeg":"cd6bf5d2b763c75ea3b8a93643de4d7a470a198f5a2c374b2124bb91b092d509","/assets/hobbies/photography/photo_set_02_12.jpeg":"696c82b414072daa0c84741c83c815c1ff786ad2706dfb1203e27b533cc0fe08","/assets/hobbies/photography/photo_set_02_13.jpeg":"9f02f1aca7ce39d7297442f568dab6191aae0d04d37e69e375c39002fc96a385","/assets/hobbies/photography/photo_set_02_14.jpeg":"7d423f06845c985b8187edc928070398e99cb4e9479a8288c35cc204b7c8cd9b","/assets/hobbies/photography/photo_set_02_15.jpeg":"58a82ea7bd180c1983231d329e22e964f6b38042e9db877987eefb0bd4e02476","/assets/hobbies/photography/photo_set_02_16.jpeg":"fd70afe0991c1ac74c045316ab0e8133896d10b2dafd51837e9a4c6b60ca0e3e","/assets/hobbies/photography/photo_set_02_2.jpeg":"b580dff335523d94b2be2661984a20386ce7b42417f4e32f2565f610c8213e56","/assets/hobbies/photography/photo_set_02_3.jpeg":"0375a8b7b9cc4c5013360d41ccc008c84de8384ec5ea627bc1ee047e73c16d96","/assets/hobbies/photography/photo_set_02_4.jpeg":"f79d7b4f687e36cef1c8fdbf9d1279efe76ab656598961b89ffd582706839979","/assets/hobbies/photography/photo_set_02_5.jpeg":"88a15a9d8999bce031c0598bae84273fe7ea23625241ea06d9a6098411975fd5","/assets/hobbies/photography/photo_set_02_6.jpeg":"2405560699f3d9771a1d2cb49692273a21c354b1cf8640402c4dddb23c8ecf5b","/assets/hobbies/photography/photo_set_02_7.jpeg":"772b3bc295de08033476c64f43db26577738cdc633ce5f78c77110677fd14ca0","/assets/hobbies/photography/photo_set_02_8.jpeg":"c634a7f2045c54c504e5328aa7d030e79d90f587fa52ab767c9f0cf5d72364f7","/assets/hobbies/photography/photo_set_02_9.jpeg":"e25f0ebb9861cea0ee45b91e58e59be60f77d794bd2964e20a67e28cb308997f","/assets/hobbies/photography/photo_set_03_1.jpeg":"1ffe4699a89b2ca0b900cff6347300b043434c6fc5975a060866bcad9dba9d34","/assets/hobbies/photography/photo_set_03_10.jpeg":"b787a3c0345ff5e44e88f4f24d57a419197c697add0565900cfd51b32558538c","/assets/hobbies/photography/photo_set_03_11.jpeg":"3262101cd5a69af27d45e3ddcc7b122a04e3cc6d51498d4dd2ed2dd3715837d1","/assets/hobbies/photography/photo_set_03_12.jpeg":"127760a96ae153452a3d55efa9e67f1d5dcb8fa72a77e6e6ee3a83ac2c2743b6","/assets/hobbies/photography/photo_set_03_2.jpeg":"379295d09d6606b5a0829162c0fa9448b251d7c17f2a2409762ac7376e180c78","/assets/hobbies/photography/photo_set_03_3.jpeg":"420910a164c076a5d377aaa620d5f145874dddc355f4bfb6e6a08a22ef12aeb1","/assets/hobbies/photography/photo_set_03_4.jpeg":"b5c6277259e8b36a9dcfbebb3b97e762a89637ee7e2b88eae3cd6fed9fac2c53","/assets/hobbies/photography/photo_set_03_5.jpeg":"447079875e6c02807267fb2dffa7ed699f665c0d164f1b591fdafdb6ba2f6d5e","/assets/hobbies/photography/photo_set_03_6.jpeg":"85975bc7484f08d094cdf673c7f566af14b6c88b45c91d6bcc478a9b0b0c33b2","/assets/hobbies/photography/photo_set_03_7.jpeg":"5d3de2f6080eab2bdc556b75fd196d3c59189587bfe7b575e55065c1f2fd5365","/assets/hobbies/photography/photo_set_03_8.jpeg":"41268e5241b08a717c4fbc58a6818a97e5dd52743cfa3247c304f9db99f50e13","/assets/hobbies/photography/photo_set_03_9.jpeg":"71ed758573534ac6e2a94264f9befa718cf6d9ebe3e45e2ebec399c8d05191ce","/assets/hobbies/photography/photo_set_04_1.jpeg":"7643acfd0200618224c3d3445b21ec5fb9b7bea7f248521a964559f8b3278a5e","/assets/hobbies/photography/photo_set_04_10.jpeg":"296152a4338e5c2d87746eceb3f2930cee7776a4918e081b11a22f6b4dedde7d","/assets/hobbies/photography/photo_set_04_11.jpeg":"d961a680f115fbfafed2d97269cfdaaf3f35b193a47a7a01ed3731f9c691962f","/assets/hobbies/photography/photo_set_04_12.jpeg":"b2e2aeab3f78687c6f5df90239c7c1598bc24c9e21974b0cbf8d2d7be34c2777","/assets/hobbies/photography/photo_set_04_13.jpeg":"5f79b29dc00d973297b0dbae2f7d462bc7cd133c0a9b963acdbc2d04a77c77fc","/assets/hobbies/photography/photo_set_04_14.jpeg":"67fdb675a8b5e337ba7ece08b9cd2507750e55f3e053495b2bc98df1e0e5e5b9","/assets/hobbies/photography/photo_set_04_2.jpeg":"77032dce837a8c478ee37a5712a1a7cfa32ba8c6df70f1cb56bb25a8f351d3aa","/assets/hobbies/photography/photo_set_04_3.jpeg":"73ca3829365e37c387b9e1f12f08cd58b15373143e865149b11cde5b0934114a","/assets/hobbies/photography/photo_set_04_4.jpeg":"a9feb3dd79b18bef8e3b31ddd00bbba638bce0daf4c3ba4b8105c29752ab83dc","/assets/hobbies/photography/photo_set_04_5.jpeg":"88feae906dc24c2009e72b63f489faed5e8ff4342dcc1bb82afe5a990a644e7a","/assets/hobbies/photography/photo_set_04_6.jpeg":"24761b280e33f6697e56946ea2d80f866bcb039baac2ae1a27543570542bc810","/assets/hobbies/photography/photo_set_04_7.jpeg":"422c03f722fe1d463c6bd046ac64db518df36a2ef8b34a05d16bebd1a704ee2a","/assets/hobbies/photography/photo_set_04_8.jpeg":"9e01fb0884ea3265fee8d8f36890f05b07056b9edeac5eaa95f5d5f02a2dc122","/assets/hobbies/photography/photo_set_04_9.jpeg":"c9a7b5689f4839404fc8f32acf7dc02180047018abc7b6760792b83008f2883e","/assets/icons/icon-128x128.png":"82273be08042beb7d17c79cd3d8a4f91a1f7aba7c4fd9f35561acfa0f3d4e86f","/assets/icons/icon-144x144.png":"8ad379379a04d3a883f64c9d4b215ca51501f4352226d0323bff9cd9b8df18db","/assets/icons/icon-152x152.png":"0dda6f1fda72dac9973fa950a48fb51c6ca0c355f8d1a4e70782d812bda84648","/assets/icons/icon-192x192.png":"65605e98805d98129c99b096b03240cdc7f01fc1c52526319b5ab9269fc19557","/assets/icons/icon-384x384.png":"71b724fcc39f5359dcdd66e7f77d3f2d0cdc0988a9296928e90b400be33f725f","/assets/icons/icon-512x512.png":"2e94c56c7136de4159eedc061eb8c4c253f518c53bbe08716305297350823d01","/assets/icons/icon-72x72.png":"96f667025e6f928f6c84367eb30d795517583dcb620d72d81c1d946425ef4887","/assets/icons/icon-96x96.png":"695a124b4a11980d95e1539a3be0b3f823e59ac7d918085cdf85afdd3a4bb55b","/assets/icons/noun_next arrow_3318610.png":"4d4d9e110d48fd372eef0d7f39f922982ff48c8e0f07dc18b9f7cb84dbf55d7b","/assets/icons/noun_previous arrow_1407190.png":"62c9a8d2cbb01d8549914a4bf7e5998d42d5b2b95c5b69d0022381e9aa3cafc3","/assets/social-media/facebook_logo.png":"47dbf524d01ba93ee8e211cc0d4d3a63f88d8a5f6cc27b3e37f7489e0b54466a","/assets/social-media/instagram_logo.png":"8f40d7c7a1671d2a010a39cf500b90e27c1d4605453d60c9a53a22e93a393b30","/assets/social-media/twitter_logo.png":"87667085be12fbb991469be544c1ffb4bfa1f78cd2dbb623c00a9c70f811d2ad"}}
[2022-03-13T18:27:47.830Z] <<< [apiv2][status] POST https://firebasehosting.googleapis.com/v1beta1/projects/518070660509/sites/jlz-portfolio/versions/852d1dbaeb48abc8:populateFiles 200
[2022-03-13T18:27:47.830Z] <<< [apiv2][body] POST https://firebasehosting.googleapis.com/v1beta1/projects/518070660509/sites/jlz-portfolio/versions/852d1dbaeb48abc8:populateFiles {"uploadUrl":"https://upload-firebasehosting.googleapis.com/upload/sites/jlz-portfolio/versions/852d1dbaeb48abc8/files"}
[2022-03-13T18:27:47.831Z] [hosting][populate queue][FINAL] {"max":606,"min":606,"avg":606,"active":0,"complete":1,"success":1,"errored":0,"retried":0,"total":1,"elapsed":606}
[2022-03-13T18:27:47.831Z] [hosting] uploads queued: 0
[2022-03-13T18:27:47.832Z] [hosting][upload queue][FINAL] {"max":0,"min":9999999999,"avg":0,"active":0,"complete":0,"success":0,"errored":0,"retried":0,"total":0,"elapsed":1647196067832}
✔  hosting[jlz-portfolio]: file upload complete 
[2022-03-13T18:27:47.833Z] [hosting] deploy completed after 621ms
i  hosting[jlz-portfolio-dev]: beginning deploy... 
i  hosting[jlz-portfolio-dev]: found 90 files in dist/jz-portfolio 
[2022-03-13T18:27:47.848Z] [hosting] hash cache [ZGlzdC9qei1wb3J0Zm9saW8] stored for 90 files
[2022-03-13T18:27:47.848Z] [hosting][hash queue][FINAL] {"max":1,"min":0,"avg":0.4528904151852363,"active":0,"complete":90,"success":90,"errored":0,"retried":0,"total":90,"elapsed":2}
[2022-03-13T18:27:47.848Z] >>> [apiv2][query] POST https://firebasehosting.googleapis.com/v1beta1/projects/518070660509/sites/jlz-portfolio-dev/versions/1e37b9e1922f50a3:populateFiles [none]
[2022-03-13T18:27:47.848Z] >>> [apiv2][body] POST https://firebasehosting.googleapis.com/v1beta1/projects/518070660509/sites/jlz-portfolio-dev/versions/1e37b9e1922f50a3:populateFiles {"files":{"/favicon.ico":"7a4e55f07ea7dc60356991f836618bc6b0305fb426dbb9a0d8be50f5ad9afd45","/index.html":"48ebe7ed6bbfe053940a90354f24f8679652a37bda76bacb8ecd585e49a48d07","/main.js":"ee668ca9ff8208324e2ef6bc46db9cc21e13bb90e226e833899233cac79dbde8","/main.js.map":"4cc197c294a20678df94836bd4db0f132e3275bffbc55fedf296fdada649d077","/manifest.webmanifest":"e098e6f1f3126aa19c9b2917f1d150f0ed183c9aace1df5d6f511176f99e2ff5","/ngsw-worker.js":"e46449a04e794b00585c59d1e995358966ac1427bce64c785ea45fa168a35b3a","/ngsw.json":"aff40fcc7abdb9c2b2ba47e59f5bc879bcc98272853e3be528a28a098b653d1d","/polyfills.js":"4b88e0e504a8e2d2dfd9553910fcda9707468398943ea4470ede6ffb50211131","/polyfills.js.map":"89295868ce1b29049632cd04a2fad0e40d48509a2c06cc647142cd9df5f83e81","/runtime.js":"524aa166e8b975540dbdd4fba23718f7fc6276844a28945882c8a1da9055ef6b","/runtime.js.map":"c24c49b46a55f4067c6090a6ceea2f9efefd6de0e83f5654cc045fe571771d01","/safety-worker.js":"2eb526c5e6899355fe0bde049750d61a71373cdd7fed0b502464dc95accc9901","/styles.css":"65643249c53a77bcadd5d99cba0f9132e6a366548bb607fe8612cd23d8bf7ff9","/styles.css.map":"de0cf07c93da9cf217943c41c3af50ba3c2fae13154f0fd54027f829e4e17ba4","/vendor.js":"efdbdf533212c3940546d92aa77e6a710a3a42c30c4538ea787ed3e3279c7c71","/vendor.js.map":"9e4b8047aca5e85891a9bb81f484d9b2dc8a390a753bda73dbf0a93acc73017b","/worker-basic.min.js":"2eb526c5e6899355fe0bde049750d61a71373cdd7fed0b502464dc95accc9901","/assets/misc.ts":"659c395c5b38ff5f1f282ec522e6a7f6bea5336534a4785759b337916819ddbb","/assets/toolbar-logo.png":"1f377c11f1b1f7bebb59720978578f020b0becbb3049ce722d35d9af623c11a0","/assets/hobbies/jlpt/JLPTN3.jpeg":"dd90321b810605bbdd4dda07a5360678a1d74ceec3bc37ea7400baa6be0ea8a8","/assets/hobbies/jlpt/JLPTN4.jpeg":"fc19d76f9ce959c321fa6234ca8e0b049714de4fe5575e5a69240e23c3588080","/assets/hobbies/jlpt/JLPTN5.jpeg":"7a0e5df2356cf70131bb859c892ab4bb11fe3730478b259f83cfdb608015e12a","/assets/hobbies/photography/photo_set_01_1.jpeg":"d0d81a6dcd900635ef123485be6442d6ccd7cf7fe31f5a1f186cd09e959947ae","/assets/hobbies/photography/photo_set_01_10.jpeg":"ab2956bd48df5a776caca0574e715bb647e07c3478c267db1c455d26f9f73202","/assets/hobbies/photography/photo_set_01_11.jpeg":"a6f9e3f6a0a2e75dc951d4aa1b59d990a1d70064f86d8b77219440e5b51888ec","/assets/hobbies/photography/photo_set_01_12.jpeg":"26813bfba9ef360b14f30ffb46208a357266d6d5a96f42dd24dc703bf2bb1402","/assets/hobbies/photography/photo_set_01_13.jpeg":"e304d095abdc683cb007956c2decbe533988d6fdcd0a13c36329150990f720d5","/assets/hobbies/photography/photo_set_01_2.jpeg":"0be56e90073a9a981ed14698b16cb42e09a503176e4ef88e23259f71cf00571c","/assets/hobbies/photography/photo_set_01_3.jpeg":"836180fe530f809dae7ca25d665b7d8c693b210ff88f10983e5a04a28782a46c","/assets/hobbies/photography/photo_set_01_4.jpeg":"87506c361e486ff63e7838bbe12d06f1302a7ee7f8154320cae5a106722c06af","/assets/hobbies/photography/photo_set_01_5.jpeg":"be1258881b5a74252a0f2c224ec61f88547051581c75e2a91e474672345b5852","/assets/hobbies/photography/photo_set_01_6.jpeg":"185e0add01607d3007427e4d950a475af08186de12cd67f1eb74bee9c54f9928","/assets/hobbies/photography/photo_set_01_7.jpeg":"c30add7af5d97cae1f404ca30df82924ceec328fc3a9f04bfdada0935cd351ff","/assets/hobbies/photography/photo_set_01_8.jpeg":"6f466b3ed9d4b61f0993e32344c0f992bc85d5498e1f0b1c99256dd2953f6005","/assets/hobbies/photography/photo_set_01_9.jpeg":"6d63aae49ec708da4364c6fd1fc31dbe293e475b9b7f1dc94ddaeace2a526690","/assets/hobbies/photography/photo_set_02_1.jpeg":"a63528348680179400c409e11c162208d0bcc8745ba3f14366d960901ccb4fe3","/assets/hobbies/photography/photo_set_02_10.jpeg":"7da62416621c936b28d3477ba2f528d98171270235ed64a46d3c8006eba7e295","/assets/hobbies/photography/photo_set_02_11.jpeg":"cd6bf5d2b763c75ea3b8a93643de4d7a470a198f5a2c374b2124bb91b092d509","/assets/hobbies/photography/photo_set_02_12.jpeg":"696c82b414072daa0c84741c83c815c1ff786ad2706dfb1203e27b533cc0fe08","/assets/hobbies/photography/photo_set_02_13.jpeg":"9f02f1aca7ce39d7297442f568dab6191aae0d04d37e69e375c39002fc96a385","/assets/hobbies/photography/photo_set_02_14.jpeg":"7d423f06845c985b8187edc928070398e99cb4e9479a8288c35cc204b7c8cd9b","/assets/hobbies/photography/photo_set_02_15.jpeg":"58a82ea7bd180c1983231d329e22e964f6b38042e9db877987eefb0bd4e02476","/assets/hobbies/photography/photo_set_02_16.jpeg":"fd70afe0991c1ac74c045316ab0e8133896d10b2dafd51837e9a4c6b60ca0e3e","/assets/hobbies/photography/photo_set_02_2.jpeg":"b580dff335523d94b2be2661984a20386ce7b42417f4e32f2565f610c8213e56","/assets/hobbies/photography/photo_set_02_3.jpeg":"0375a8b7b9cc4c5013360d41ccc008c84de8384ec5ea627bc1ee047e73c16d96","/assets/hobbies/photography/photo_set_02_4.jpeg":"f79d7b4f687e36cef1c8fdbf9d1279efe76ab656598961b89ffd582706839979","/assets/hobbies/photography/photo_set_02_5.jpeg":"88a15a9d8999bce031c0598bae84273fe7ea23625241ea06d9a6098411975fd5","/assets/hobbies/photography/photo_set_02_6.jpeg":"2405560699f3d9771a1d2cb49692273a21c354b1cf8640402c4dddb23c8ecf5b","/assets/hobbies/photography/photo_set_02_7.jpeg":"772b3bc295de08033476c64f43db26577738cdc633ce5f78c77110677fd14ca0","/assets/hobbies/photography/photo_set_02_8.jpeg":"c634a7f2045c54c504e5328aa7d030e79d90f587fa52ab767c9f0cf5d72364f7","/assets/hobbies/photography/photo_set_02_9.jpeg":"e25f0ebb9861cea0ee45b91e58e59be60f77d794bd2964e20a67e28cb308997f","/assets/hobbies/photography/photo_set_03_1.jpeg":"1ffe4699a89b2ca0b900cff6347300b043434c6fc5975a060866bcad9dba9d34","/assets/hobbies/photography/photo_set_03_10.jpeg":"b787a3c0345ff5e44e88f4f24d57a419197c697add0565900cfd51b32558538c","/assets/hobbies/photography/photo_set_03_11.jpeg":"3262101cd5a69af27d45e3ddcc7b122a04e3cc6d51498d4dd2ed2dd3715837d1","/assets/hobbies/photography/photo_set_03_12.jpeg":"127760a96ae153452a3d55efa9e67f1d5dcb8fa72a77e6e6ee3a83ac2c2743b6","/assets/hobbies/photography/photo_set_03_2.jpeg":"379295d09d6606b5a0829162c0fa9448b251d7c17f2a2409762ac7376e180c78","/assets/hobbies/photography/photo_set_03_3.jpeg":"420910a164c076a5d377aaa620d5f145874dddc355f4bfb6e6a08a22ef12aeb1","/assets/hobbies/photography/photo_set_03_4.jpeg":"b5c6277259e8b36a9dcfbebb3b97e762a89637ee7e2b88eae3cd6fed9fac2c53","/assets/hobbies/photography/photo_set_03_5.jpeg":"447079875e6c02807267fb2dffa7ed699f665c0d164f1b591fdafdb6ba2f6d5e","/assets/hobbies/photography/photo_set_03_6.jpeg":"85975bc7484f08d094cdf673c7f566af14b6c88b45c91d6bcc478a9b0b0c33b2","/assets/hobbies/photography/photo_set_03_7.jpeg":"5d3de2f6080eab2bdc556b75fd196d3c59189587bfe7b575e55065c1f2fd5365","/assets/hobbies/photography/photo_set_03_8.jpeg":"41268e5241b08a717c4fbc58a6818a97e5dd52743cfa3247c304f9db99f50e13","/assets/hobbies/photography/photo_set_03_9.jpeg":"71ed758573534ac6e2a94264f9befa718cf6d9ebe3e45e2ebec399c8d05191ce","/assets/hobbies/photography/photo_set_04_1.jpeg":"7643acfd0200618224c3d3445b21ec5fb9b7bea7f248521a964559f8b3278a5e","/assets/hobbies/photography/photo_set_04_10.jpeg":"296152a4338e5c2d87746eceb3f2930cee7776a4918e081b11a22f6b4dedde7d","/assets/hobbies/photography/photo_set_04_11.jpeg":"d961a680f115fbfafed2d97269cfdaaf3f35b193a47a7a01ed3731f9c691962f","/assets/hobbies/photography/photo_set_04_12.jpeg":"b2e2aeab3f78687c6f5df90239c7c1598bc24c9e21974b0cbf8d2d7be34c2777","/assets/hobbies/photography/photo_set_04_13.jpeg":"5f79b29dc00d973297b0dbae2f7d462bc7cd133c0a9b963acdbc2d04a77c77fc","/assets/hobbies/photography/photo_set_04_14.jpeg":"67fdb675a8b5e337ba7ece08b9cd2507750e55f3e053495b2bc98df1e0e5e5b9","/assets/hobbies/photography/photo_set_04_2.jpeg":"77032dce837a8c478ee37a5712a1a7cfa32ba8c6df70f1cb56bb25a8f351d3aa","/assets/hobbies/photography/photo_set_04_3.jpeg":"73ca3829365e37c387b9e1f12f08cd58b15373143e865149b11cde5b0934114a","/assets/hobbies/photography/photo_set_04_4.jpeg":"a9feb3dd79b18bef8e3b31ddd00bbba638bce0daf4c3ba4b8105c29752ab83dc","/assets/hobbies/photography/photo_set_04_5.jpeg":"88feae906dc24c2009e72b63f489faed5e8ff4342dcc1bb82afe5a990a644e7a","/assets/hobbies/photography/photo_set_04_6.jpeg":"24761b280e33f6697e56946ea2d80f866bcb039baac2ae1a27543570542bc810","/assets/hobbies/photography/photo_set_04_7.jpeg":"422c03f722fe1d463c6bd046ac64db518df36a2ef8b34a05d16bebd1a704ee2a","/assets/hobbies/photography/photo_set_04_8.jpeg":"9e01fb0884ea3265fee8d8f36890f05b07056b9edeac5eaa95f5d5f02a2dc122","/assets/hobbies/photography/photo_set_04_9.jpeg":"c9a7b5689f4839404fc8f32acf7dc02180047018abc7b6760792b83008f2883e","/assets/icons/icon-128x128.png":"82273be08042beb7d17c79cd3d8a4f91a1f7aba7c4fd9f35561acfa0f3d4e86f","/assets/icons/icon-144x144.png":"8ad379379a04d3a883f64c9d4b215ca51501f4352226d0323bff9cd9b8df18db","/assets/icons/icon-152x152.png":"0dda6f1fda72dac9973fa950a48fb51c6ca0c355f8d1a4e70782d812bda84648","/assets/icons/icon-192x192.png":"65605e98805d98129c99b096b03240cdc7f01fc1c52526319b5ab9269fc19557","/assets/icons/icon-384x384.png":"71b724fcc39f5359dcdd66e7f77d3f2d0cdc0988a9296928e90b400be33f725f","/assets/icons/icon-512x512.png":"2e94c56c7136de4159eedc061eb8c4c253f518c53bbe08716305297350823d01","/assets/icons/icon-72x72.png":"96f667025e6f928f6c84367eb30d795517583dcb620d72d81c1d946425ef4887","/assets/icons/icon-96x96.png":"695a124b4a11980d95e1539a3be0b3f823e59ac7d918085cdf85afdd3a4bb55b","/assets/icons/noun_next arrow_3318610.png":"4d4d9e110d48fd372eef0d7f39f922982ff48c8e0f07dc18b9f7cb84dbf55d7b","/assets/icons/noun_previous arrow_1407190.png":"62c9a8d2cbb01d8549914a4bf7e5998d42d5b2b95c5b69d0022381e9aa3cafc3","/assets/social-media/facebook_logo.png":"47dbf524d01ba93ee8e211cc0d4d3a63f88d8a5f6cc27b3e37f7489e0b54466a","/assets/social-media/instagram_logo.png":"8f40d7c7a1671d2a010a39cf500b90e27c1d4605453d60c9a53a22e93a393b30","/assets/social-media/twitter_logo.png":"87667085be12fbb991469be544c1ffb4bfa1f78cd2dbb623c00a9c70f811d2ad"}}
[2022-03-13T18:27:48.482Z] <<< [apiv2][status] POST https://firebasehosting.googleapis.com/v1beta1/projects/518070660509/sites/jlz-portfolio-dev/versions/1e37b9e1922f50a3:populateFiles 200
[2022-03-13T18:27:48.482Z] <<< [apiv2][body] POST https://firebasehosting.googleapis.com/v1beta1/projects/518070660509/sites/jlz-portfolio-dev/versions/1e37b9e1922f50a3:populateFiles {"uploadUrl":"https://upload-firebasehosting.googleapis.com/upload/sites/jlz-portfolio-dev/versions/1e37b9e1922f50a3/files"}
[2022-03-13T18:27:48.482Z] [hosting][populate queue][FINAL] {"max":635,"min":635,"avg":635,"active":0,"complete":1,"success":1,"errored":0,"retried":0,"total":1,"elapsed":635}
[2022-03-13T18:27:48.482Z] [hosting] uploads queued: 0
[2022-03-13T18:27:48.482Z] [hosting][upload queue][FINAL] {"max":0,"min":9999999999,"avg":0,"active":0,"complete":0,"success":0,"errored":0,"retried":0,"total":0,"elapsed":1647196068482}
✔  hosting[jlz-portfolio-dev]: file upload complete 
[2022-03-13T18:27:48.483Z] [hosting] deploy completed after 650ms
[2022-03-13T18:27:48.483Z] [
  {
    "config": {
      "site": "jlz-portfolio",
      "public": "dist/jz-portfolio",
      "rewrites": [
        {
          "source": "**",
          "destination": "/index.html"
        }
      ],
      "ignore": [
        "firebase.json",
        "**/.*",
        "**/node_modules/**"
      ]
    },
    "site": "jlz-portfolio",
    "version": "projects/518070660509/sites/jlz-portfolio/versions/852d1dbaeb48abc8"
  },
  {
    "config": {
      "site": "jlz-portfolio-dev",
      "public": "dist/jz-portfolio",
      "rewrites": [
        {
          "source": "**",
          "destination": "/index.html"
        }
      ],
      "ignore": [
        "firebase.json",
        "**/.*",
        "**/node_modules/**"
      ]
    },
    "site": "jlz-portfolio-dev",
    "version": "projects/518070660509/sites/jlz-portfolio-dev/versions/1e37b9e1922f50a3"
  }
]
i  hosting[jlz-portfolio]: finalizing version... 
i  hosting[jlz-portfolio-dev]: finalizing version... 
[2022-03-13T18:27:48.485Z] >>> [apiv2][query] PATCH https://firebasehosting.googleapis.com/v1beta1/projects/518070660509/sites/jlz-portfolio/versions/852d1dbaeb48abc8 updateMask=status
[2022-03-13T18:27:48.485Z] >>> [apiv2][body] PATCH https://firebasehosting.googleapis.com/v1beta1/projects/518070660509/sites/jlz-portfolio/versions/852d1dbaeb48abc8 {"status":"FINALIZED"}
[2022-03-13T18:27:48.487Z] >>> [apiv2][query] PATCH https://firebasehosting.googleapis.com/v1beta1/projects/518070660509/sites/jlz-portfolio-dev/versions/1e37b9e1922f50a3 updateMask=status
[2022-03-13T18:27:48.487Z] >>> [apiv2][body] PATCH https://firebasehosting.googleapis.com/v1beta1/projects/518070660509/sites/jlz-portfolio-dev/versions/1e37b9e1922f50a3 {"status":"FINALIZED"}
[2022-03-13T18:27:49.005Z] <<< [apiv2][status] PATCH https://firebasehosting.googleapis.com/v1beta1/projects/518070660509/sites/jlz-portfolio-dev/versions/1e37b9e1922f50a3 200
[2022-03-13T18:27:49.005Z] <<< [apiv2][body] PATCH https://firebasehosting.googleapis.com/v1beta1/projects/518070660509/sites/jlz-portfolio-dev/versions/1e37b9e1922f50a3 {"name":"projects/518070660509/sites/jlz-portfolio-dev/versions/1e37b9e1922f50a3","status":"FINALIZED","config":{"rewrites":[{"glob":"**","path":"/index.html"}]},"labels":{"deployment-tool":"cli-firebase"},"createTime":"2022-03-13T18:27:46.641481Z","createUser":{"email":"JaZwickler@gmail.com"},"finalizeTime":"2022-03-13T18:27:48.970731Z","finalizeUser":{"email":"JaZwickler@gmail.com"}}
[2022-03-13T18:27:49.005Z] [hosting] finalized version for jlz-portfolio-dev:[object Object]
✔  hosting[jlz-portfolio-dev]: version finalized 
i  hosting[jlz-portfolio-dev]: releasing new version... 
[2022-03-13T18:27:49.006Z] >>> [apiv2][query] POST https://firebasehosting.googleapis.com/v1beta1/projects/518070660509/sites/jlz-portfolio-dev/releases versionName=projects%2F518070660509%2Fsites%2Fjlz-portfolio-dev%2Fversions%2F1e37b9e1922f50a3
[2022-03-13T18:27:49.006Z] >>> [apiv2][body] POST https://firebasehosting.googleapis.com/v1beta1/projects/518070660509/sites/jlz-portfolio-dev/releases {"message":null}
[2022-03-13T18:27:49.009Z] <<< [apiv2][status] PATCH https://firebasehosting.googleapis.com/v1beta1/projects/518070660509/sites/jlz-portfolio/versions/852d1dbaeb48abc8 200
[2022-03-13T18:27:49.009Z] <<< [apiv2][body] PATCH https://firebasehosting.googleapis.com/v1beta1/projects/518070660509/sites/jlz-portfolio/versions/852d1dbaeb48abc8 {"name":"projects/518070660509/sites/jlz-portfolio/versions/852d1dbaeb48abc8","status":"FINALIZED","config":{"rewrites":[{"glob":"**","path":"/index.html"}]},"labels":{"deployment-tool":"cli-firebase"},"createTime":"2022-03-13T18:27:46.642214Z","createUser":{"email":"JaZwickler@gmail.com"},"finalizeTime":"2022-03-13T18:27:48.971708Z","finalizeUser":{"email":"JaZwickler@gmail.com"}}
[2022-03-13T18:27:49.009Z] [hosting] finalized version for jlz-portfolio:[object Object]
✔  hosting[jlz-portfolio]: version finalized 
i  hosting[jlz-portfolio]: releasing new version... 
[2022-03-13T18:27:49.010Z] >>> [apiv2][query] POST https://firebasehosting.googleapis.com/v1beta1/projects/518070660509/sites/jlz-portfolio/releases versionName=projects%2F518070660509%2Fsites%2Fjlz-portfolio%2Fversions%2F852d1dbaeb48abc8
[2022-03-13T18:27:49.010Z] >>> [apiv2][body] POST https://firebasehosting.googleapis.com/v1beta1/projects/518070660509/sites/jlz-portfolio/releases {"message":null}
[2022-03-13T18:27:49.496Z] <<< [apiv2][status] POST https://firebasehosting.googleapis.com/v1beta1/projects/518070660509/sites/jlz-portfolio-dev/releases 200
[2022-03-13T18:27:49.497Z] <<< [apiv2][body] POST https://firebasehosting.googleapis.com/v1beta1/projects/518070660509/sites/jlz-portfolio-dev/releases {"name":"projects/518070660509/sites/jlz-portfolio-dev/releases/1647196068752168","version":{"name":"projects/518070660509/sites/jlz-portfolio-dev/versions/1e37b9e1922f50a3","status":"FINALIZED","config":{"rewrites":[{"glob":"**","path":"/index.html"}]},"labels":{"deployment-tool":"cli-firebase"},"createTime":"2022-03-13T18:27:46.641481Z","createUser":{"email":"JaZwickler@gmail.com","imageUrl":"https://lh3.googleusercontent.com/a-/AOh14GhUgU71jl4RM_0GTu56-zFd1JD4QpVHV07kvN7D"},"finalizeTime":"2022-03-13T18:27:48.970731Z","finalizeUser":{"email":"JaZwickler@gmail.com","imageUrl":"https://lh3.googleusercontent.com/a-/AOh14GhUgU71jl4RM_0GTu56-zFd1JD4QpVHV07kvN7D"}},"type":"DEPLOY","releaseTime":"2022-03-13T18:27:48.752168463Z","releaseUser":{"email":"JaZwickler@gmail.com","imageUrl":"https://lh3.googleusercontent.com/a-/AOh14GhUgU71jl4RM_0GTu56-zFd1JD4QpVHV07kvN7D"}}
[2022-03-13T18:27:49.497Z] [hosting] release: {"name":"projects/518070660509/sites/jlz-portfolio-dev/releases/1647196068752168","version":{"name":"projects/518070660509/sites/jlz-portfolio-dev/versions/1e37b9e1922f50a3","status":"FINALIZED","config":{"rewrites":[{"glob":"**","path":"/index.html"}]},"labels":{"deployment-tool":"cli-firebase"},"createTime":"2022-03-13T18:27:46.641481Z","createUser":{"email":"JaZwickler@gmail.com","imageUrl":"https://lh3.googleusercontent.com/a-/AOh14GhUgU71jl4RM_0GTu56-zFd1JD4QpVHV07kvN7D"},"finalizeTime":"2022-03-13T18:27:48.970731Z","finalizeUser":{"email":"JaZwickler@gmail.com","imageUrl":"https://lh3.googleusercontent.com/a-/AOh14GhUgU71jl4RM_0GTu56-zFd1JD4QpVHV07kvN7D"}},"type":"DEPLOY","releaseTime":"2022-03-13T18:27:48.752168463Z","releaseUser":{"email":"JaZwickler@gmail.com","imageUrl":"https://lh3.googleusercontent.com/a-/AOh14GhUgU71jl4RM_0GTu56-zFd1JD4QpVHV07kvN7D"}}
✔  hosting[jlz-portfolio-dev]: release complete 
[2022-03-13T18:27:49.513Z] <<< [apiv2][status] POST https://firebasehosting.googleapis.com/v1beta1/projects/518070660509/sites/jlz-portfolio/releases 200
[2022-03-13T18:27:49.513Z] <<< [apiv2][body] POST https://firebasehosting.googleapis.com/v1beta1/projects/518070660509/sites/jlz-portfolio/releases {"name":"projects/518070660509/sites/jlz-portfolio/releases/1647196068760649","version":{"name":"projects/518070660509/sites/jlz-portfolio/versions/852d1dbaeb48abc8","status":"FINALIZED","config":{"rewrites":[{"glob":"**","path":"/index.html"}]},"labels":{"deployment-tool":"cli-firebase"},"createTime":"2022-03-13T18:27:46.642214Z","createUser":{"email":"JaZwickler@gmail.com","imageUrl":"https://lh3.googleusercontent.com/a-/AOh14GhLoAZMDV8S7pL2MTBWVmtgYcU-yuYsHqsA3FDb"},"finalizeTime":"2022-03-13T18:27:48.971708Z","finalizeUser":{"email":"JaZwickler@gmail.com","imageUrl":"https://lh3.googleusercontent.com/a-/AOh14GhLoAZMDV8S7pL2MTBWVmtgYcU-yuYsHqsA3FDb"}},"type":"DEPLOY","releaseTime":"2022-03-13T18:27:48.760649363Z","releaseUser":{"email":"JaZwickler@gmail.com","imageUrl":"https://lh3.googleusercontent.com/a-/AOh14GhLoAZMDV8S7pL2MTBWVmtgYcU-yuYsHqsA3FDb"}}
[2022-03-13T18:27:49.513Z] [hosting] release: {"name":"projects/518070660509/sites/jlz-portfolio/releases/1647196068760649","version":{"name":"projects/518070660509/sites/jlz-portfolio/versions/852d1dbaeb48abc8","status":"FINALIZED","config":{"rewrites":[{"glob":"**","path":"/index.html"}]},"labels":{"deployment-tool":"cli-firebase"},"createTime":"2022-03-13T18:27:46.642214Z","createUser":{"email":"JaZwickler@gmail.com","imageUrl":"https://lh3.googleusercontent.com/a-/AOh14GhLoAZMDV8S7pL2MTBWVmtgYcU-yuYsHqsA3FDb"},"finalizeTime":"2022-03-13T18:27:48.971708Z","finalizeUser":{"email":"JaZwickler@gmail.com","imageUrl":"https://lh3.googleusercontent.com/a-/AOh14GhLoAZMDV8S7pL2MTBWVmtgYcU-yuYsHqsA3FDb"}},"type":"DEPLOY","releaseTime":"2022-03-13T18:27:48.760649363Z","releaseUser":{"email":"JaZwickler@gmail.com","imageUrl":"https://lh3.googleusercontent.com/a-/AOh14GhLoAZMDV8S7pL2MTBWVmtgYcU-yuYsHqsA3FDb"}}
✔  hosting[jlz-portfolio]: release complete 

✔  Deploy complete! 

Project Console: https://console.firebase.google.com/project/jlz-portfolio/overview
Hosting URL: https://jlz-portfolio.web.app
Hosting URL: https://jlz-portfolio-dev.web.app
