i  emulators: Starting emulators: auth, functions
⚠  functions: The following emulators are not running, calls to these services from the Functions emulator will affect production: firestore, database, hosting, pubsub, storage, dataconnect
⚠  functions: Your GOOGLE_APPLICATION_CREDENTIALS environment variable points to /Users/jacobzwickler/.config/gcloud/application_default_credentials.json. Non-emulated services will access production using these credentials. Be careful!
i  ui: Emulator UI logging to ui-debug.log
i  functions: Watching "/Users/jacobzwickler/Documents/GitHub/jz-portfolio/functions" for Cloud Functions...
✔  functions: Using node@20 from host.
i  functions: Loaded environment variables from .env.dev.
Serving at port 8996

✔  functions: Loaded functions definitions from source: jzPortfolioApp.
✔  functions[us-central1-jzPortfolioApp]: http function initialized (http://127.0.0.1:5001/jlz-portfolio/us-central1/jzPortfolioApp).

┌─────────────────────────────────────────────────────────────┐
│ ✔  All emulators ready! It is now safe to connect your app. │
│ i  View Emulator UI at http://127.0.0.1:4000/               │
└─────────────────────────────────────────────────────────────┘

┌────────────────┬────────────────┬─────────────────────────────────┐
│ Emulator       │ Host:Port      │ View in Emulator UI             │
├────────────────┼────────────────┼─────────────────────────────────┤
│ Authentication │ 127.0.0.1:9099 │ http://127.0.0.1:4000/auth      │
├────────────────┼────────────────┼─────────────────────────────────┤
│ Functions      │ 127.0.0.1:5001 │ http://127.0.0.1:4000/functions │
└────────────────┴────────────────┴─────────────────────────────────┘
  Emulator Hub running at 127.0.0.1:4400
  Other reserved ports: 4500

Issues? Report them at https://github.com/firebase/firebase-tools/issues and attach the *-debug.log files.
 
 
i  emulators: Received SIGTERM for the first time. Starting a clean shutdown.
i  emulators: Please wait for a clean shutdown or send the SIGTERM signal again to stop right now.
i  emulators: Shutting down emulators.
i  ui: Stopping Emulator UI
⚠  Emulator UI has exited upon receiving signal: SIGINT
i  functions: Stopping Functions Emulator
i  auth: Stopping Authentication Emulator
i  eventarc: Stopping Eventarc Emulator
i  hub: Stopping emulator hub
i  logging: Stopping Logging Emulator
