2023.05.24 00:38:56 INFO  Started: Metals version 0.11.12 in workspace '/Users/jacobzwickler/Documents/GitHub/jz-portfolio' for client Visual Studio Code 1.78.2.
May 24, 2023 12:38:56 AM org.flywaydb.core.internal.license.VersionPrinter printVersionOnly
INFO: Flyway Community Edition 9.16.3 by Redgate
May 24, 2023 12:38:56 AM org.flywaydb.core.internal.license.VersionPrinter printVersion
INFO: See release notes here: https://rd.gt/416ObMi
May 24, 2023 12:38:56 AM org.flywaydb.core.internal.license.VersionPrinter printVersion
INFO: 
May 24, 2023 12:38:57 AM org.flywaydb.core.internal.database.base.BaseDatabaseType createDatabase
INFO: Database: jdbc:h2:file:/Users/jacobzwickler/Documents/GitHub/jz-portfolio/.metals/metals (H2 2.1)
May 24, 2023 12:38:57 AM org.flywaydb.core.internal.schemahistory.JdbcTableSchemaHistory allAppliedMigrations
INFO: Schema history table "PUBLIC"."flyway_schema_history" does not exist yet
May 24, 2023 12:38:57 AM org.flywaydb.core.internal.command.DbValidate validate
INFO: Successfully validated 4 migrations (execution time 00:00.036s)
May 24, 2023 12:38:57 AM org.flywaydb.core.internal.schemahistory.JdbcTableSchemaHistory create
INFO: Creating Schema History table "PUBLIC"."flyway_schema_history" ...
May 24, 2023 12:38:57 AM org.flywaydb.core.internal.command.DbMigrate migrateGroup
INFO: Current version of schema "PUBLIC": << Empty Schema >>
May 24, 2023 12:38:57 AM org.flywaydb.core.internal.command.DbMigrate doMigrateGroup
INFO: Migrating schema "PUBLIC" to version "1 - Create tables"
May 24, 2023 12:38:57 AM org.flywaydb.core.internal.command.DbMigrate doMigrateGroup
INFO: Migrating schema "PUBLIC" to version "2 - Server discovery"
May 24, 2023 12:38:57 AM org.flywaydb.core.internal.command.DbMigrate doMigrateGroup
INFO: Migrating schema "PUBLIC" to version "3 - Jar symbols"
May 24, 2023 12:38:57 AM org.flywaydb.core.internal.command.DbMigrate doMigrateGroup
INFO: Migrating schema "PUBLIC" to version "4 - Fingerprints"
May 24, 2023 12:38:57 AM org.flywaydb.core.internal.command.DbMigrate logSummary
INFO: Successfully applied 4 migrations to schema "PUBLIC", now at version v4 (execution time 00:00.096s)
2023.05.24 00:38:57 INFO  time: initialize in 0.86s
2023.05.24 00:38:57 WARN  Build server is not auto-connectable.
2023.05.24 00:38:57 WARN  no build tool detected in workspace '/Users/jacobzwickler/Documents/GitHub/jz-portfolio'. The most common cause for this problem is that the editor was opened in the wrong working directory, for example if you use sbt then the workspace directory should contain build.sbt. 
